{"/Users/m652315/Desktop/auth0-in-action/src/Authy.ts": {"path":"/Users/m652315/Desktop/auth0-in-action/src/Authy.ts","statementMap":{"0":{"start":{"line":1,"column":29},"end":{"line":1,"column":66}},"1":{"start":{"line":2,"column":25},"end":{"line":2,"column":58}},"2":{"start":{"line":19,"column":4},"end":{"line":19,"column":43}},"3":{"start":{"line":20,"column":4},"end":{"line":20,"column":29}},"4":{"start":{"line":21,"column":4},"end":{"line":21,"column":37}},"5":{"start":{"line":23,"column":4},"end":{"line":27,"column":7}},"6":{"start":{"line":32,"column":4},"end":{"line":32,"column":87}},"7":{"start":{"line":32,"column":16},"end":{"line":32,"column":87}},"8":{"start":{"line":34,"column":39},"end":{"line":34,"column":74}},"9":{"start":{"line":35,"column":40},"end":{"line":35,"column":76}},"10":{"start":{"line":36,"column":43},"end":{"line":36,"column":104}},"11":{"start":{"line":37,"column":4},"end":{"line":40,"column":6}},"12":{"start":{"line":47,"column":4},"end":{"line":47,"column":46}},"13":{"start":{"line":54,"column":17},"end":{"line":59,"column":5}},"14":{"start":{"line":60,"column":4},"end":{"line":60,"column":29}},"15":{"start":{"line":67,"column":23},"end":{"line":70,"column":6}},"16":{"start":{"line":72,"column":23},"end":{"line":72,"column":63}},"17":{"start":{"line":73,"column":4},"end":{"line":73,"column":36}},"18":{"start":{"line":4,"column":0},"end":{"line":77,"column":1}}},"fnMap":{"0":{"name":"(anonymous_6)","decl":{"start":{"line":14,"column":2},"end":{"line":15,"column":3}},"loc":{"start":{"line":17,"column":24},"end":{"line":29,"column":3}}},"1":{"name":"(anonymous_7)","decl":{"start":{"line":31,"column":8},"end":{"line":31,"column":24}},"loc":{"start":{"line":31,"column":52},"end":{"line":41,"column":3}}},"2":{"name":"(anonymous_9)","decl":{"start":{"line":46,"column":16},"end":{"line":46,"column":32}},"loc":{"start":{"line":46,"column":47},"end":{"line":48,"column":3}}},"3":{"name":"(anonymous_11)","decl":{"start":{"line":53,"column":16},"end":{"line":53,"column":38}},"loc":{"start":{"line":53,"column":39},"end":{"line":61,"column":3}}},"4":{"name":"(anonymous_13)","decl":{"start":{"line":66,"column":16},"end":{"line":66,"column":32}},"loc":{"start":{"line":66,"column":90},"end":{"line":74,"column":3}}}},"branchMap":{"0":{"loc":{"start":{"line":32,"column":4},"end":{"line":32,"column":87}},"type":"if","locations":[{"start":{"line":32,"column":4},"end":{"line":32,"column":87}},{"start":{"line":32,"column":4},"end":{"line":32,"column":87}}]}},"s":{"0":1,"1":1,"2":1,"3":1,"4":1,"5":1,"6":2,"7":1,"8":1,"9":1,"10":1,"11":1,"12":1,"13":1,"14":1,"15":1,"16":1,"17":1,"18":1},"f":{"0":1,"1":2,"2":1,"3":1,"4":1},"b":{"0":[1,1]}}
}
